[10:12:34] [Render thread/INFO]: Environment: authHost='https://authserver.mojang.com', accountsHost='https://api.mojang.com', sessionHost='https://sessionserver.mojang.com', servicesHost='https://api.minecraftservices.com', name='PROD'
[10:13:17] [Render thread/ERROR]: Failed to verify authentication
com.mojang.authlib.exceptions.InvalidCredentialsException: Status: 401
	at com.mojang.authlib.exceptions.MinecraftClientHttpException.toAuthenticationException(MinecraftClientHttpException.java:56) ~[authlib-2.3.31.jar:?]
	at com.mojang.authlib.yggdrasil.YggdrasilSocialInteractionsService.checkPrivileges(YggdrasilSocialInteractionsService.java:112) ~[authlib-2.3.31.jar:?]
	at com.mojang.authlib.yggdrasil.YggdrasilSocialInteractionsService.<init>(YggdrasilSocialInteractionsService.java:42) ~[authlib-2.3.31.jar:?]
	at com.mojang.authlib.yggdrasil.YggdrasilAuthenticationService.createSocialInteractionsService(YggdrasilAuthenticationService.java:151) ~[authlib-2.3.31.jar:?]
	at dvp.a(SourceFile:670) [1.17.1.jar:?]
	at dvp.<init>(SourceFile:429) [1.17.1.jar:?]
	at net.minecraft.client.main.Main.main(SourceFile:179) [1.17.1.jar:?]
Caused by: com.mojang.authlib.exceptions.MinecraftClientHttpException: Status: 401
	at com.mojang.authlib.minecraft.client.MinecraftClient.readInputStream(MinecraftClient.java:77) ~[authlib-2.3.31.jar:?]
	at com.mojang.authlib.minecraft.client.MinecraftClient.get(MinecraftClient.java:47) ~[authlib-2.3.31.jar:?]
	at com.mojang.authlib.yggdrasil.YggdrasilSocialInteractionsService.checkPrivileges(YggdrasilSocialInteractionsService.java:104) ~[authlib-2.3.31.jar:?]
	... 5 more
[10:13:18] [Render thread/INFO]: Setting user: somePythonProgrammer
[10:13:30] [Render thread/INFO]: Backend library: LWJGL version 3.2.2 build 10
[10:14:36] [Render thread/INFO]: Narrator library for x64 successfully loaded
[10:14:56] [Render thread/INFO]: Reloading ResourceManager: Default
[10:15:08] [Realms Notification Availability checker #1/INFO]: Could not authorize you against Realms server: Invalid session id
[10:16:34] [Render thread/INFO]: OpenAL initialized.
[10:16:34] [Render thread/INFO]: Sound engine started
[10:16:35] [Render thread/INFO]: Created: 1024x1024x4 minecraft:textures/atlas/blocks.png-atlas
[10:16:35] [Render thread/INFO]: Created: 256x128x4 minecraft:textures/atlas/signs.png-atlas
[10:16:35] [Render thread/INFO]: Created: 1024x512x4 minecraft:textures/atlas/banner_patterns.png-atlas
[10:16:35] [Render thread/INFO]: Created: 1024x512x4 minecraft:textures/atlas/shield_patterns.png-atlas
[10:16:35] [Render thread/INFO]: Created: 256x256x4 minecraft:textures/atlas/chest.png-atlas
[10:16:35] [Render thread/INFO]: Created: 512x256x4 minecraft:textures/atlas/beds.png-atlas
[10:16:35] [Render thread/INFO]: Created: 512x256x4 minecraft:textures/atlas/shulker_boxes.png-atlas
[10:17:05] [Render thread/INFO]: Created: 256x256x0 minecraft:textures/atlas/particles.png-atlas
[10:17:05] [Render thread/INFO]: Created: 256x256x0 minecraft:textures/atlas/paintings.png-atlas
[10:17:05] [Render thread/INFO]: Created: 256x128x0 minecraft:textures/atlas/mob_effects.png-atlas
[10:18:04] [Render thread/WARN]: Ambiguity between arguments [teleport, location] and [teleport, destination] with inputs: [0.1 -0.5 .9, 0 0 0]
[10:18:04] [Render thread/WARN]: Ambiguity between arguments [teleport, location] and [teleport, targets] with inputs: [0.1 -0.5 .9, 0 0 0]
[10:18:04] [Render thread/WARN]: Ambiguity between arguments [teleport, destination] and [teleport, targets] with inputs: [Player, 0123, @e, dd12be42-52a9-4a91-a8a1-11c01849e498]
[10:18:04] [Render thread/WARN]: Ambiguity between arguments [teleport, targets] and [teleport, destination] with inputs: [Player, 0123, dd12be42-52a9-4a91-a8a1-11c01849e498]
[10:18:04] [Render thread/WARN]: Ambiguity between arguments [teleport, targets, location] and [teleport, targets, destination] with inputs: [0.1 -0.5 .9, 0 0 0]
[10:18:04] [Render thread/INFO]: Reloading ResourceManager: Default
[10:18:08] [Render thread/INFO]: Loaded 7 recipes
[10:18:11] [Render thread/INFO]: Loaded 1137 advancements
[10:18:20] [Render thread/INFO]: Environment: authHost='https://authserver.mojang.com', accountsHost='https://api.mojang.com', sessionHost='https://sessionserver.mojang.com', servicesHost='https://api.minecraftservices.com', name='PROD'
[10:18:22] [Server thread/INFO]: Starting integrated minecraft server version 1.17.1
[10:18:22] [Server thread/INFO]: Generating keypair
[10:18:29] [Server thread/INFO]: Preparing start region for dimension minecraft:overworld
[10:18:37] [Render thread/INFO]: Preparing spawn area: 0%
[10:18:47] [Render thread/INFO]: Preparing spawn area: 0%
[10:18:47] [Render thread/INFO]: Preparing spawn area: 0%
[10:18:47] [Render thread/INFO]: Preparing spawn area: 0%
[10:18:47] [Render thread/INFO]: Preparing spawn area: 0%
[10:18:47] [Render thread/INFO]: Preparing spawn area: 0%
[10:18:47] [Render thread/INFO]: Preparing spawn area: 0%
[10:18:47] [Render thread/INFO]: Preparing spawn area: 0%
[10:18:47] [Render thread/INFO]: Preparing spawn area: 0%
[10:18:47] [Render thread/INFO]: Preparing spawn area: 0%
[10:18:47] [Render thread/INFO]: Preparing spawn area: 0%
[10:18:47] [Render thread/INFO]: Preparing spawn area: 0%
[10:18:47] [Render thread/INFO]: Preparing spawn area: 0%
[10:18:47] [Render thread/INFO]: Preparing spawn area: 0%
[10:18:47] [Render thread/INFO]: Preparing spawn area: 0%
[10:18:47] [Render thread/INFO]: Preparing spawn area: 0%
[10:18:47] [Render thread/INFO]: Preparing spawn area: 0%
[10:18:47] [Render thread/INFO]: Preparing spawn area: 0%
[10:18:47] [Render thread/INFO]: Preparing spawn area: 0%
[10:18:47] [Render thread/INFO]: Preparing spawn area: 0%
[10:18:47] [Render thread/INFO]: Preparing spawn area: 0%
[10:18:47] [Render thread/INFO]: Preparing spawn area: 0%
[10:18:47] [Render thread/INFO]: Preparing spawn area: 0%
[10:18:47] [Render thread/INFO]: Preparing spawn area: 0%
[10:18:47] [Render thread/INFO]: Preparing spawn area: 0%
[10:18:47] [Render thread/INFO]: Preparing spawn area: 0%
[10:18:47] [Render thread/INFO]: Preparing spawn area: 0%
[10:18:47] [Render thread/INFO]: Preparing spawn area: 0%
[10:18:47] [Render thread/INFO]: Preparing spawn area: 0%
[10:18:47] [Render thread/INFO]: Preparing spawn area: 0%
[10:18:47] [Render thread/INFO]: Preparing spawn area: 0%
[10:18:47] [Render thread/INFO]: Preparing spawn area: 0%
[10:18:47] [Render thread/INFO]: Preparing spawn area: 0%
[10:18:47] [Render thread/INFO]: Preparing spawn area: 0%
[10:18:47] [Render thread/INFO]: Preparing spawn area: 0%
[10:18:47] [Render thread/INFO]: Preparing spawn area: 0%
[10:18:47] [Render thread/INFO]: Preparing spawn area: 0%
[10:18:48] [Render thread/INFO]: Preparing spawn area: 0%
[10:18:51] [Render thread/INFO]: Preparing spawn area: 0%
[10:18:51] [Render thread/INFO]: Preparing spawn area: 0%
[10:18:52] [Render thread/INFO]: Preparing spawn area: 0%
[10:18:52] [Render thread/INFO]: Preparing spawn area: 0%
[10:18:52] [Render thread/INFO]: Preparing spawn area: 0%
[10:18:52] [Render thread/INFO]: Preparing spawn area: 0%
[10:18:52] [Render thread/INFO]: Preparing spawn area: 0%
[10:18:52] [Render thread/INFO]: Preparing spawn area: 0%
[10:18:53] [Render thread/INFO]: Preparing spawn area: 0%
[10:18:53] [Render thread/INFO]: Preparing spawn area: 0%
[10:18:54] [Render thread/INFO]: Preparing spawn area: 0%
[10:18:54] [Render thread/INFO]: Preparing spawn area: 0%
[10:18:54] [Render thread/INFO]: Preparing spawn area: 0%
[10:18:55] [Render thread/INFO]: Preparing spawn area: 0%
[10:18:56] [Render thread/INFO]: Preparing spawn area: 0%
[10:18:56] [Render thread/INFO]: Preparing spawn area: 0%
[10:18:57] [Render thread/INFO]: Preparing spawn area: 0%
[10:18:57] [Render thread/INFO]: Preparing spawn area: 0%
[10:18:58] [Render thread/INFO]: Preparing spawn area: 0%
[10:18:58] [Render thread/INFO]: Preparing spawn area: 0%
[10:18:59] [Render thread/INFO]: Preparing spawn area: 0%
[10:18:59] [Render thread/INFO]: Preparing spawn area: 0%
[10:19:00] [Render thread/INFO]: Preparing spawn area: 0%
[10:19:00] [Render thread/INFO]: Preparing spawn area: 0%
[10:19:00] [Render thread/INFO]: Preparing spawn area: 0%
[10:19:02] [Render thread/INFO]: Preparing spawn area: 0%
[10:19:02] [Render thread/INFO]: Preparing spawn area: 0%
[10:19:02] [Render thread/INFO]: Preparing spawn area: 0%
[10:19:03] [Render thread/INFO]: Preparing spawn area: 0%
[10:19:03] [Render thread/INFO]: Preparing spawn area: 1%
[10:19:07] [Render thread/INFO]: Preparing spawn area: 1%
[10:19:07] [Render thread/INFO]: Preparing spawn area: 1%
[10:19:07] [Render thread/INFO]: Preparing spawn area: 1%
[10:19:07] [Render thread/INFO]: Preparing spawn area: 1%
[10:19:07] [Render thread/INFO]: Preparing spawn area: 1%
[10:19:07] [Render thread/INFO]: Preparing spawn area: 1%
[10:19:07] [Render thread/INFO]: Preparing spawn area: 1%
[10:19:07] [Render thread/INFO]: Preparing spawn area: 2%
[10:19:08] [Render thread/INFO]: Preparing spawn area: 2%
[10:19:08] [Render thread/INFO]: Preparing spawn area: 3%
[10:19:09] [Render thread/INFO]: Preparing spawn area: 8%
[10:19:09] [Render thread/INFO]: Preparing spawn area: 8%
[10:19:10] [Render thread/INFO]: Preparing spawn area: 10%
[10:19:10] [Render thread/INFO]: Preparing spawn area: 13%
[10:19:11] [Render thread/INFO]: Preparing spawn area: 14%
[10:19:11] [Render thread/INFO]: Preparing spawn area: 14%
[10:19:25] [Render thread/INFO]: Preparing spawn area: 16%
[10:19:25] [Render thread/INFO]: Preparing spawn area: 16%
[10:19:25] [Render thread/INFO]: Preparing spawn area: 16%
[10:19:25] [Render thread/INFO]: Preparing spawn area: 16%
[10:19:25] [Render thread/INFO]: Preparing spawn area: 16%
[10:19:25] [Render thread/INFO]: Preparing spawn area: 16%
[10:19:25] [Render thread/INFO]: Preparing spawn area: 16%
[10:19:25] [Render thread/INFO]: Preparing spawn area: 16%
[10:19:25] [Render thread/INFO]: Preparing spawn area: 16%
[10:19:25] [Render thread/INFO]: Preparing spawn area: 16%
[10:19:25] [Render thread/INFO]: Preparing spawn area: 16%
[10:19:25] [Render thread/INFO]: Preparing spawn area: 16%
[10:19:25] [Render thread/INFO]: Preparing spawn area: 16%
[10:19:25] [Render thread/INFO]: Preparing spawn area: 16%
[10:19:25] [Render thread/INFO]: Preparing spawn area: 16%
[10:19:25] [Render thread/INFO]: Preparing spawn area: 16%
[10:19:25] [Render thread/INFO]: Preparing spawn area: 16%
[10:19:25] [Render thread/INFO]: Preparing spawn area: 16%
[10:19:25] [Render thread/INFO]: Preparing spawn area: 16%
[10:19:25] [Render thread/INFO]: Preparing spawn area: 16%
[10:19:25] [Render thread/INFO]: Preparing spawn area: 16%
[10:19:25] [Render thread/INFO]: Preparing spawn area: 16%
[10:19:25] [Render thread/INFO]: Preparing spawn area: 16%
[10:19:25] [Render thread/INFO]: Preparing spawn area: 16%
[10:19:25] [Render thread/INFO]: Preparing spawn area: 16%
[10:19:25] [Render thread/INFO]: Preparing spawn area: 16%
[10:19:25] [Render thread/INFO]: Preparing spawn area: 16%
[10:19:26] [Render thread/INFO]: Preparing spawn area: 23%
[10:19:26] [Render thread/INFO]: Preparing spawn area: 23%
[10:19:26] [Render thread/INFO]: Preparing spawn area: 34%
[10:19:34] [Render thread/INFO]: Preparing spawn area: 34%
[10:19:34] [Render thread/INFO]: Preparing spawn area: 34%
[10:19:34] [Render thread/INFO]: Preparing spawn area: 34%
[10:19:34] [Render thread/INFO]: Preparing spawn area: 34%
[10:19:34] [Render thread/INFO]: Preparing spawn area: 34%
[10:19:34] [Render thread/INFO]: Preparing spawn area: 34%
[10:19:34] [Render thread/INFO]: Preparing spawn area: 34%
[10:19:34] [Render thread/INFO]: Preparing spawn area: 34%
[10:19:34] [Render thread/INFO]: Preparing spawn area: 34%
[10:19:34] [Render thread/INFO]: Preparing spawn area: 34%
[10:19:34] [Render thread/INFO]: Preparing spawn area: 34%
[10:19:34] [Render thread/INFO]: Preparing spawn area: 34%
[10:19:34] [Render thread/INFO]: Preparing spawn area: 34%
[10:19:34] [Render thread/INFO]: Preparing spawn area: 34%
[10:19:34] [Render thread/INFO]: Preparing spawn area: 34%
[10:19:34] [Render thread/INFO]: Preparing spawn area: 34%
[10:19:35] [Render thread/INFO]: Preparing spawn area: 70%
[10:19:35] [Render thread/INFO]: Preparing spawn area: 70%
[10:19:36] [Render thread/INFO]: Preparing spawn area: 70%
[10:19:36] [Render thread/INFO]: Preparing spawn area: 70%
[10:19:38] [Render thread/INFO]: Preparing spawn area: 70%
[10:19:38] [Render thread/INFO]: Preparing spawn area: 70%
[10:19:38] [Render thread/INFO]: Preparing spawn area: 70%
[10:19:53] [Render thread/INFO]: Time elapsed: 83234 ms
[10:20:00] [Server thread/WARN]: Can't keep up! Is the server overloaded? Running 7806ms or 156 ticks behind
[10:20:03] [Server thread/INFO]: Changing view distance to 2, from 10
[10:20:29] [Server thread/WARN]: Can't keep up! Is the server overloaded? Running 13289ms or 265 ticks behind
[10:20:47] [Server thread/INFO]: somePythonProgrammer[local:E:b8610dcd] logged in with entity id 168 at (158.30000001192093, 64.0, 120.1405057248066)
[10:20:50] [Server thread/INFO]: somePythonProgrammer joined the game
[10:20:51] [Server thread/INFO]: Saving and pausing game...
[10:21:00] [Server thread/INFO]: Saving chunks for level 'ServerLevel[somePythonProgrammer]'/minecraft:overworld
[10:21:03] [Server thread/INFO]: Saving chunks for level 'ServerLevel[somePythonProgrammer]'/minecraft:the_nether
[10:21:03] [Server thread/INFO]: Saving chunks for level 'ServerLevel[somePythonProgrammer]'/minecraft:the_end
[10:21:03] [Server thread/WARN]: Can't keep up! Is the server overloaded? Running 19656ms or 393 ticks behind
[10:21:11] [Render thread/INFO]: Loaded 159 advancements
[10:21:51] [Server thread/WARN]: Can't keep up! Is the server overloaded? Running 5605ms or 112 ticks behind
[10:21:51] [Server thread/INFO]: Saving and pausing game...
[10:21:51] [Server thread/INFO]: Saving chunks for level 'ServerLevel[somePythonProgrammer]'/minecraft:overworld
[10:21:51] [Server thread/INFO]: Saving chunks for level 'ServerLevel[somePythonProgrammer]'/minecraft:the_nether
[10:21:51] [Server thread/INFO]: Saving chunks for level 'ServerLevel[somePythonProgrammer]'/minecraft:the_end
[10:22:36] [Render thread/WARN]: Unable to play empty soundEvent: minecraft:entity.salmon.ambient
[10:23:39] [Server thread/INFO]: [somePythonProgrammer: Set own game mode to Creative Mode]
[10:23:39] [Render thread/INFO]: [CHAT] Set own game mode to Creative Mode
[10:24:02] [Server thread/WARN]: Can't keep up! Is the server overloaded? Running 2886ms or 57 ticks behind
[10:24:37] [Server thread/INFO]: [somePythonProgrammer: Set own game mode to Survival Mode]
[10:24:37] [Render thread/INFO]: [CHAT] Set own game mode to Survival Mode
[10:24:41] [Server thread/INFO]: Saving and pausing game...
[10:24:41] [Server thread/INFO]: Saving chunks for level 'ServerLevel[somePythonProgrammer]'/minecraft:overworld
[10:24:41] [Server thread/INFO]: Saving chunks for level 'ServerLevel[somePythonProgrammer]'/minecraft:the_nether
[10:24:41] [Server thread/INFO]: Saving chunks for level 'ServerLevel[somePythonProgrammer]'/minecraft:the_end
[10:25:23] [Server thread/WARN]: Can't keep up! Is the server overloaded? Running 2070ms or 41 ticks behind
[10:25:29] [Render thread/WARN]: Received passengers for unknown entity
[10:25:42] [Server thread/WARN]: Can't keep up! Is the server overloaded? Running 2609ms or 52 ticks behind
[10:26:00] [Server thread/WARN]: Can't keep up! Is the server overloaded? Running 2907ms or 58 ticks behind
[10:26:05] [Render thread/WARN]: Received passengers for unknown entity
[10:26:21] [Render thread/INFO]: Loaded 161 advancements
[10:26:34] [Server thread/WARN]: Can't keep up! Is the server overloaded? Running 4048ms or 80 ticks behind
[10:27:01] [Server thread/WARN]: Can't keep up! Is the server overloaded? Running 2015ms or 40 ticks behind
[10:27:02] [Server thread/INFO]: Saving and pausing game...
[10:27:05] [Server thread/INFO]: Saving chunks for level 'ServerLevel[somePythonProgrammer]'/minecraft:overworld
[10:27:07] [Server thread/INFO]: Saving chunks for level 'ServerLevel[somePythonProgrammer]'/minecraft:the_nether
[10:27:07] [Server thread/INFO]: Saving chunks for level 'ServerLevel[somePythonProgrammer]'/minecraft:the_end
[10:27:23] [Server thread/WARN]: Can't keep up! Is the server overloaded? Running 6685ms or 133 ticks behind
[10:27:30] [Server thread/INFO]: [somePythonProgrammer: Gamerule keepInventory is now set to: true]
[10:27:30] [Render thread/INFO]: [CHAT] Gamerule keepInventory is now set to: true
[10:28:09] [Server thread/INFO]: Saving and pausing game...
[10:28:10] [Server thread/INFO]: Saving chunks for level 'ServerLevel[somePythonProgrammer]'/minecraft:overworld
[10:28:10] [Server thread/INFO]: Saving chunks for level 'ServerLevel[somePythonProgrammer]'/minecraft:the_nether
[10:28:10] [Server thread/INFO]: Saving chunks for level 'ServerLevel[somePythonProgrammer]'/minecraft:the_end
[10:28:27] [Server thread/INFO]: Changing view distance to 5, from 2
[10:28:51] [Server thread/INFO]: Saving and pausing game...
[10:28:52] [Server thread/INFO]: Saving chunks for level 'ServerLevel[somePythonProgrammer]'/minecraft:overworld
[10:28:52] [Server thread/INFO]: Saving chunks for level 'ServerLevel[somePythonProgrammer]'/minecraft:the_nether
[10:28:52] [Server thread/INFO]: Saving chunks for level 'ServerLevel[somePythonProgrammer]'/minecraft:the_end
[10:29:28] [Server thread/INFO]: somePythonProgrammer was slain by Zombie
[10:29:28] [Render thread/INFO]: [CHAT] somePythonProgrammer was slain by Zombie
[10:29:29] [Render thread/INFO]: Loaded 176 advancements
[10:29:33] [Server thread/WARN]: Can't keep up! Is the server overloaded? Running 2106ms or 42 ticks behind
[10:31:51] [Render thread/INFO]: [CHAT] Wolf was blown up by Creeper
[10:32:01] [Render thread/INFO]: Loaded 176 advancements
[10:32:25] [Server thread/INFO]: somePythonProgrammer was slain by Zombie
[10:32:25] [Render thread/INFO]: [CHAT] somePythonProgrammer was slain by Zombie
[10:33:55] [Render thread/INFO]: Loaded 177 advancements
[10:34:11] [Server thread/WARN]: Can't keep up! Is the server overloaded? Running 3618ms or 72 ticks behind
[10:34:24] [Server thread/INFO]: somePythonProgrammer fell from a high place
[10:34:24] [Render thread/INFO]: [CHAT] somePythonProgrammer fell from a high place
[10:34:31] [Server thread/WARN]: Can't keep up! Is the server overloaded? Running 5126ms or 102 ticks behind
[10:35:13] [Server thread/INFO]: somePythonProgrammer has made the advancement [Stone Age]
[10:35:13] [Render thread/INFO]: [CHAT] somePythonProgrammer has made the advancement [Stone Age]
[10:35:13] [Render thread/INFO]: Loaded 191 advancements
[10:35:38] [Server thread/INFO]: somePythonProgrammer was slain by Enderman
[10:35:38] [Render thread/INFO]: [CHAT] somePythonProgrammer was slain by Enderman
[10:36:01] [Server thread/INFO]: Saving and pausing game...
[10:36:01] [Server thread/INFO]: Saving chunks for level 'ServerLevel[somePythonProgrammer]'/minecraft:overworld
[10:36:02] [Server thread/INFO]: Saving chunks for level 'ServerLevel[somePythonProgrammer]'/minecraft:the_nether
[10:36:02] [Server thread/INFO]: Saving chunks for level 'ServerLevel[somePythonProgrammer]'/minecraft:the_end
[10:39:49] [Server thread/INFO]: somePythonProgrammer fell out of the world
[10:39:49] [Server thread/INFO]: [somePythonProgrammer: Killed somePythonProgrammer]
[10:39:49] [Render thread/INFO]: [CHAT] somePythonProgrammer fell out of the world
[10:39:49] [Render thread/INFO]: [CHAT] Killed somePythonProgrammer
[10:44:13] [Server thread/WARN]: Can't keep up! Is the server overloaded? Running 2095ms or 41 ticks behind
[10:44:57] [Render thread/INFO]: Loaded 193 advancements
[10:52:28] [Render thread/INFO]: Loaded 204 advancements
[10:53:39] [Render thread/INFO]: Loaded 205 advancements
[10:55:04] [Server thread/INFO]: somePythonProgrammer has made the advancement [Getting an Upgrade]
[10:55:04] [Render thread/INFO]: [CHAT] somePythonProgrammer has made the advancement [Getting an Upgrade]
[10:55:05] [Render thread/INFO]: Loaded 206 advancements
[10:55:59] [Render thread/INFO]: Loaded 209 advancements
[11:01:01] [Server thread/INFO]: Saving and pausing game...
[11:01:01] [Server thread/INFO]: Saving chunks for level 'ServerLevel[somePythonProgrammer]'/minecraft:overworld
[11:01:01] [Server thread/INFO]: Saving chunks for level 'ServerLevel[somePythonProgrammer]'/minecraft:the_nether
[11:01:01] [Server thread/INFO]: Saving chunks for level 'ServerLevel[somePythonProgrammer]'/minecraft:the_end
[11:01:04] [Server thread/INFO]: Saving and pausing game...
[11:01:04] [Server thread/INFO]: Saving chunks for level 'ServerLevel[somePythonProgrammer]'/minecraft:overworld
[11:01:04] [Server thread/INFO]: Saving chunks for level 'ServerLevel[somePythonProgrammer]'/minecraft:the_nether
[11:01:04] [Server thread/INFO]: Saving chunks for level 'ServerLevel[somePythonProgrammer]'/minecraft:the_end
[11:06:06] [Render thread/INFO]: Loaded 212 advancements
[11:08:11] [Render thread/INFO]: Loaded 222 advancements
[11:08:50] [Render thread/INFO]: Loaded 223 advancements
[11:10:22] [Render thread/INFO]: Loaded 225 advancements
[11:11:01] [Server thread/INFO]: somePythonProgrammer has made the advancement [Acquire Hardware]
[11:11:01] [Render thread/INFO]: [CHAT] somePythonProgrammer has made the advancement [Acquire Hardware]
[11:11:01] [Render thread/INFO]: Loaded 248 advancements
[11:14:08] [Server thread/INFO]: somePythonProgrammer has made the advancement [Isn't It Iron Pick]
[11:14:08] [Render thread/INFO]: [CHAT] somePythonProgrammer has made the advancement [Isn't It Iron Pick]
[11:14:08] [Render thread/INFO]: Loaded 248 advancements
[11:27:11] [Server thread/INFO]: Saving and pausing game...
[11:27:11] [Server thread/INFO]: Saving chunks for level 'ServerLevel[somePythonProgrammer]'/minecraft:overworld
[11:27:11] [Server thread/INFO]: Saving chunks for level 'ServerLevel[somePythonProgrammer]'/minecraft:the_nether
[11:27:11] [Server thread/INFO]: Saving chunks for level 'ServerLevel[somePythonProgrammer]'/minecraft:the_end
[11:29:11] [Render thread/INFO]: Loaded 249 advancements
[11:31:03] [Server thread/INFO]: [somePythonProgrammer: Gamerule keepInventory is now set to: true]
[11:31:03] [Render thread/INFO]: [CHAT] Gamerule keepInventory is now set to: true
[11:31:05] [Server thread/INFO]: somePythonProgrammer fell out of the world
[11:31:05] [Render thread/INFO]: [CHAT] somePythonProgrammer fell out of the world
[11:31:05] [Server thread/INFO]: [somePythonProgrammer: Killed somePythonProgrammer]
[11:31:05] [Render thread/INFO]: [CHAT] Killed somePythonProgrammer
[11:40:36] [Server thread/INFO]: [somePythonProgrammer: Set own game mode to Creative Mode]
[11:40:36] [Render thread/INFO]: [CHAT] Set own game mode to Creative Mode
[11:42:32] [Render thread/INFO]: [CHAT] Set own game mode to 
[11:42:32] [Server thread/INFO]: [somePythonProgrammer: Set own game mode to Survival Mode]
[11:44:57] [Server thread/INFO]: [somePythonProgrammer: Gave 1 [Cobblestone] to somePythonProgrammer]
[11:44:57] [Render thread/INFO]: [CHAT] Gave 1 [Cobblestone] to somePythonProgrammer
[11:45:03] [Server thread/INFO]: [somePythonProgrammer: Set own game mode to Creative Mode]
[11:45:03] [Render thread/INFO]: [CHAT] Set own game mode to Creative Mode
[11:45:48] [Server thread/INFO]: somePythonProgrammer has made the advancement [Hot Stuff]
[11:45:48] [Render thread/INFO]: [CHAT] somePythonProgrammer has made the advancement [Hot Stuff]
[11:45:48] [Render thread/INFO]: Loaded 249 advancements
[11:46:11] [Server thread/INFO]: [somePythonProgrammer: Set own game mode to Survival Mode]
[11:46:11] [Render thread/INFO]: [CHAT] Set own game mode to Survival Mode
[11:52:18] [Server thread/WARN]: Can't keep up! Is the server overloaded? Running 2016ms or 40 ticks behind
[12:00:18] [Server thread/INFO]: Saving and pausing game...
[12:00:19] [Server thread/INFO]: Saving chunks for level 'ServerLevel[somePythonProgrammer]'/minecraft:overworld
[12:00:19] [Server thread/INFO]: Saving chunks for level 'ServerLevel[somePythonProgrammer]'/minecraft:the_nether
[12:00:19] [Server thread/INFO]: Saving chunks for level 'ServerLevel[somePythonProgrammer]'/minecraft:the_end
[12:00:24] [Server thread/INFO]: somePythonProgrammer lost connection: Disconnected
[12:00:24] [Server thread/INFO]: somePythonProgrammer left the game
[12:00:25] [Server thread/INFO]: Stopping singleplayer server as player logged out
[12:00:25] [Server thread/INFO]: Stopping server
[12:00:25] [Server thread/INFO]: Saving players
[12:00:25] [Server thread/INFO]: Saving worlds
[12:00:25] [Server thread/INFO]: Saving chunks for level 'ServerLevel[somePythonProgrammer]'/minecraft:overworld
[12:00:28] [Server thread/INFO]: Saving chunks for level 'ServerLevel[somePythonProgrammer]'/minecraft:the_nether
[12:00:28] [Server thread/INFO]: Saving chunks for level 'ServerLevel[somePythonProgrammer]'/minecraft:the_end
[12:00:28] [Server thread/INFO]: ThreadedAnvilChunkStorage (somePythonProgrammer): All chunks are saved
[12:00:28] [Server thread/INFO]: ThreadedAnvilChunkStorage (DIM-1): All chunks are saved
[12:00:28] [Server thread/INFO]: ThreadedAnvilChunkStorage (DIM1): All chunks are saved
[12:00:28] [Server thread/INFO]: ThreadedAnvilChunkStorage: All dimensions are saved
[12:00:41] [Render thread/INFO]: Stopping!
